<?xml version="1.0" encoding="UTF-8"?>
<!-- Generated by org.testng.reporters.JUnitReportReporter -->
<testsuite hostname="LAPTOP-FM4BCM1Q" failures="0" tests="1" name="Tests.FirstTest" time="2.503" errors="0" timestamp="2024-01-08T11:07:34 IST" skipped="0">
  <testcase classname="Tests.FirstTest" name="PrcheshProduct" time="2.503"/>
</testsuite> <!-- Tests.FirstTest -->
